Watching for file changes with StatReloader
Waiting for apps ready_event.
Apps ready_event triggered. Sending autoreload_started signal.
Watching dir C:\Users\thiennd\Downloads\Puddle\puddle\core\templates with glob **/*.
Watching dir C:\Users\thiennd\Downloads\Puddle\puddle\locale with glob **/*.mo.
Watching dir C:\Users\thiennd\Downloads\Puddle\puddle\core\locale with glob **/*.mo.
Watching dir C:\Users\thiennd\Downloads\Puddle\puddle\item\locale with glob **/*.mo.
(0.000) 
                SELECT VERSION(),
                       @@sql_mode,
                       @@default_storage_engine,
                       @@sql_auto_is_null,
                       @@lower_case_table_names,
                       CONVERT_TZ('2001-01-01 01:00:00', 'UTC', 'UTC') IS NOT NULL
            ; args=None; alias=default
(0.000) SET SESSION TRANSACTION ISOLATION LEVEL READ COMMITTED; args=None; alias=default
(0.001) 
            SELECT
                table_name,
                table_type,
                table_comment
            FROM information_schema.tables
            WHERE table_schema = DATABASE()
            ; args=None; alias=default
(0.000) SELECT `django_migrations`.`id`, `django_migrations`.`app`, `django_migrations`.`name`, `django_migrations`.`applied` FROM `django_migrations`; args=(); alias=default
File C:\Users\thiennd\AppData\Local\Programs\Python\Python313\Lib\warnings.py first seen with mtime 1744101928.0
File C:\Users\thiennd\AppData\Local\Programs\Python\Python313\Lib\site-packages\django\core\checks\templates.py first seen with mtime 1744352876.8540716
File C:\Users\thiennd\AppData\Local\Programs\Python\Python313\Lib\site-packages\django\utils\regex_helper.py first seen with mtime 1744352876.969692
File C:\Users\thiennd\AppData\Local\Programs\Python\Python313\Lib\site-packages\django\apps\config.py first seen with mtime 1744352875.68304
File C:\Users\thiennd\AppData\Local\Programs\Python\Python313\Lib\email\utils.py first seen with mtime 1744101928.0
File C:\Users\thiennd\AppData\Local\Programs\Python\Python313\Lib\site-packages\django\templatetags\__init__.py first seen with mtime 1744352876.9547918
File C:\Users\thiennd\AppData\Local\Programs\Python\Python313\Lib\traceback.py first seen with mtime 1744101928.0
File C:\Users\thiennd\AppData\Local\Programs\Python\Python313\Lib\tokenize.py first seen with mtime 1744101928.0
File C:\Users\thiennd\AppData\Local\Programs\Python\Python313\Lib\asyncio\timeouts.py first seen with mtime 1744101928.0
File C:\Users\thiennd\AppData\Local\Programs\Python\Python313\Lib\site-packages\django\template\utils.py first seen with mtime 1744352876.951791
File C:\Users\thiennd\AppData\Local\Programs\Python\Python313\Lib\site-packages\sqlparse\sql.py first seen with mtime 1744352874.931189
File C:\Users\thiennd\AppData\Local\Programs\Python\Python313\Lib\site-packages\django\db\backends\mysql\client.py first seen with mtime 1744352876.882928
File C:\Users\thiennd\AppData\Local\Programs\Python\Python313\Lib\site-packages\django\core\checks\compatibility\django_4_0.py first seen with mtime 1744352876.855071
File C:\Users\thiennd\AppData\Local\Programs\Python\Python313\Lib\site-packages\django\utils\ipv6.py first seen with mtime 1744352876.968693
File C:\Users\thiennd\AppData\Local\Programs\Python\Python313\Lib\site-packages\MySQLdb\converters.py first seen with mtime 1744359269.6800313
File C:\Users\thiennd\AppData\Local\Programs\Python\Python313\Lib\site-packages\django\db\__init__.py first seen with mtime 1744352876.8769248
File C:\Users\thiennd\AppData\Local\Programs\Python\Python313\Lib\email\_encoded_words.py first seen with mtime 1744101928.0
File C:\Users\thiennd\AppData\Local\Programs\Python\Python313\Lib\http\client.py first seen with mtime 1744101928.0
File C:\Users\thiennd\AppData\Local\Programs\Python\Python313\Lib\encodings\cp1252.py first seen with mtime 1744101928.0
File C:\Users\thiennd\AppData\Local\Programs\Python\Python313\Lib\_colorize.py first seen with mtime 1744101928.0
File C:\Users\thiennd\AppData\Local\Programs\Python\Python313\Lib\site-packages\django\db\models\sql\constants.py first seen with mtime 1744352876.9136927
File C:\Users\thiennd\AppData\Local\Programs\Python\Python313\Lib\gzip.py first seen with mtime 1744101928.0
File C:\Users\thiennd\AppData\Local\Programs\Python\Python313\Lib\hmac.py first seen with mtime 1744101928.0
File C:\Users\thiennd\AppData\Local\Programs\Python\Python313\Lib\site-packages\django\core\exceptions.py first seen with mtime 1744352876.8471675
File C:\Users\thiennd\AppData\Local\Programs\Python\Python313\Lib\site-packages\django\db\models\fields\generated.py first seen with mtime 1744352876.906821
File C:\Users\thiennd\AppData\Local\Programs\Python\Python313\Lib\site-packages\django\db\backends\base\validation.py first seen with mtime 1744352876.8819287
File C:\Users\thiennd\AppData\Local\Programs\Python\Python313\Lib\site-packages\django\views\static.py first seen with mtime 1744352876.9777012
File C:\Users\thiennd\AppData\Local\Programs\Python\Python313\Lib\site-packages\django\db\backends\signals.py first seen with mtime 1744352876.877939
File C:\Users\thiennd\AppData\Local\Programs\Python\Python313\Lib\site-packages\django\http\__init__.py first seen with mtime 1744352876.9431584
File C:\Users\thiennd\AppData\Local\Programs\Python\Python313\Lib\site-packages\MySQLdb\constants\CLIENT.py first seen with mtime 1744359269.6810315
File C:\Users\thiennd\AppData\Local\Programs\Python\Python313\Lib\asyncio\__init__.py first seen with mtime 1744101928.0
File C:\Users\thiennd\AppData\Local\Programs\Python\Python313\Lib\site-packages\django\middleware\common.py first seen with mtime 1744352876.9461572
File C:\Users\thiennd\AppData\Local\Programs\Python\Python313\Lib\site-packages\django\core\files\storage\handler.py first seen with mtime 1744352876.8599246
File C:\Users\thiennd\AppData\Local\Programs\Python\Python313\Lib\asyncio\transports.py first seen with mtime 1744101928.0
File C:\Users\thiennd\AppData\Local\Programs\Python\Python313\Lib\site-packages\django\contrib\admin\helpers.py first seen with mtime 1744352875.827798
File C:\Users\thiennd\AppData\Local\Programs\Python\Python313\Lib\site-packages\django\template\exceptions.py first seen with mtime 1744352876.9497914
File C:\Users\thiennd\AppData\Local\Programs\Python\Python313\Lib\site-packages\django\contrib\auth\__init__.py first seen with mtime 1744352876.10906
File C:\Users\thiennd\AppData\Local\Programs\Python\Python313\Lib\site-packages\django\contrib\__init__.py first seen with mtime 1744352875.8247983
File C:\Users\thiennd\AppData\Local\Programs\Python\Python313\Lib\site-packages\django\core\handlers\wsgi.py first seen with mtime 1744352876.8619244
File C:\Users\thiennd\AppData\Local\Programs\Python\Python313\Lib\email\_header_value_parser.py first seen with mtime 1744101928.0
File C:\Users\thiennd\AppData\Local\Programs\Python\Python313\Lib\site-packages\django\contrib\admin\templatetags\__init__.py first seen with mtime 1744352876.033849
File C:\Users\thiennd\AppData\Local\Programs\Python\Python313\Lib\site-packages\django\contrib\admin\views\__init__.py first seen with mtime 1744352876.0348492
File C:\Users\thiennd\AppData\Local\Programs\Python\Python313\Lib\email\parser.py first seen with mtime 1744101928.0
File C:\Users\thiennd\AppData\Local\Programs\Python\Python313\Lib\shutil.py first seen with mtime 1744101928.0
File C:\Users\thiennd\AppData\Local\Programs\Python\Python313\Lib\_weakrefset.py first seen with mtime 1744101928.0
File C:\Users\thiennd\AppData\Local\Programs\Python\Python313\Lib\site-packages\django\utils\translation\trans_real.py first seen with mtime 1744352876.974692
File C:\Users\thiennd\AppData\Local\Programs\Python\Python313\Lib\site-packages\django\urls\exceptions.py first seen with mtime 1744352876.9607916
File C:\Users\thiennd\AppData\Local\Programs\Python\Python313\Lib\site-packages\sqlparse\formatter.py first seen with mtime 1744352874.930189
File C:\Users\thiennd\AppData\Local\Programs\Python\Python313\Lib\site-packages\django\core\files\base.py first seen with mtime 1744352876.8570764
File C:\Users\thiennd\AppData\Local\Programs\Python\Python313\Lib\ipaddress.py first seen with mtime 1744101928.0
File C:\Users\thiennd\AppData\Local\Programs\Python\Python313\Lib\site-packages\django\__init__.py first seen with mtime 1744352875.6790338
File C:\Users\thiennd\AppData\Local\Programs\Python\Python313\Lib\asyncio\log.py first seen with mtime 1744101928.0
File C:\Users\thiennd\AppData\Local\Programs\Python\Python313\Lib\site-packages\django\utils\inspect.py first seen with mtime 1744352876.9677985
File C:\Users\thiennd\AppData\Local\Programs\Python\Python313\Lib\site-packages\django\db\models\utils.py first seen with mtime 1744352876.9058208
File C:\Users\thiennd\Downloads\Puddle\puddle\core\apps.py first seen with mtime 1744616783.4827547
File C:\Users\thiennd\AppData\Local\Programs\Python\Python313\Lib\argparse.py first seen with mtime 1744101928.0
File C:\Users\thiennd\AppData\Local\Programs\Python\Python313\Lib\site-packages\django\core\checks\registry.py first seen with mtime 1744352876.8540716
File C:\Users\thiennd\AppData\Local\Programs\Python\Python313\Lib\site-packages\django\core\serializers\json.py first seen with mtime 1744352876.8749259
File C:\Users\thiennd\AppData\Local\Programs\Python\Python313\Lib\site-packages\django\contrib\auth\apps.py first seen with mtime 1744352876.10906
File C:\Users\thiennd\AppData\Local\Programs\Python\Python313\Lib\site-packages\django\utils\tree.py first seen with mtime 1744352876.971692
File C:\Users\thiennd\AppData\Local\Programs\Python\Python313\Lib\site-packages\django\db\backends\mysql\__init__.py first seen with mtime 1744352876.882928
File C:\Users\thiennd\AppData\Local\Programs\Python\Python313\Lib\email\quoprimime.py first seen with mtime 1744101928.0
File C:\Users\thiennd\AppData\Local\Programs\Python\Python313\Lib\site-packages\django\contrib\admin\__init__.py first seen with mtime 1744352875.8257978
File C:\Users\thiennd\Downloads\Puddle\puddle\manage.py first seen with mtime 1744616641.7537878
File C:\Users\thiennd\AppData\Local\Programs\Python\Python313\Lib\site-packages\django\db\models\signals.py first seen with mtime 1744352876.9058208
File C:\Users\thiennd\AppData\Local\Programs\Python\Python313\Lib\asyncio\selector_events.py first seen with mtime 1744101928.0
File C:\Users\thiennd\AppData\Local\Programs\Python\Python313\Lib\json\__init__.py first seen with mtime 1744101928.0
File C:\Users\thiennd\AppData\Local\Programs\Python\Python313\Lib\site-packages\MySQLdb\times.py first seen with mtime 1744359269.6810315
File C:\Users\thiennd\AppData\Local\Programs\Python\Python313\Lib\site-packages\django\contrib\sites\__init__.py first seen with mtime 1744352876.775135
File C:\Users\thiennd\AppData\Local\Programs\Python\Python313\Lib\email\mime\text.py first seen with mtime 1744101928.0
File C:\Users\thiennd\AppData\Local\Programs\Python\Python313\Lib\site-packages\django\contrib\contenttypes\fields.py first seen with mtime 1744352876.2182033
File C:\Users\thiennd\AppData\Local\Programs\Python\Python313\Lib\site-packages\django\db\backends\base\creation.py first seen with mtime 1744352876.8799279
File C:\Users\thiennd\AppData\Local\Programs\Python\Python313\Lib\site-packages\django\middleware\__init__.py first seen with mtime 1744352876.9451573
File C:\Users\thiennd\AppData\Local\Programs\Python\Python313\Lib\site-packages\django\core\management\utils.py first seen with mtime 1744352876.866923
File C:\Users\thiennd\AppData\Local\Programs\Python\Python313\Lib\urllib\request.py first seen with mtime 1744101928.0
File C:\Users\thiennd\AppData\Local\Programs\Python\Python313\Lib\site-packages\django\forms\utils.py first seen with mtime 1744352876.91916
File C:\Users\thiennd\AppData\Local\Programs\Python\Python313\Lib\site-packages\django\core\files\storage\mixins.py first seen with mtime 1744352876.8599246
File C:\Users\thiennd\AppData\Local\Programs\Python\Python313\Lib\site-packages\django\contrib\contenttypes\management\__init__.py first seen with mtime 1744352876.2821915
File C:\Users\thiennd\AppData\Local\Programs\Python\Python313\Lib\quopri.py first seen with mtime 1744101928.0
File C:\Users\thiennd\AppData\Local\Programs\Python\Python313\Lib\site-packages\django\db\models\query.py first seen with mtime 1744352876.904821
File C:\Users\thiennd\AppData\Local\Programs\Python\Python313\Lib\site-packages\django\template\loader.py first seen with mtime 1744352876.9507914
File C:\Users\thiennd\AppData\Local\Programs\Python\Python313\Lib\email\mime\base.py first seen with mtime 1744101928.0
File C:\Users\thiennd\AppData\Local\Programs\Python\Python313\Lib\encodings\aliases.py first seen with mtime 1744101928.0
File C:\Users\thiennd\AppData\Local\Programs\Python\Python313\Lib\site-packages\django\contrib\auth\admin.py first seen with mtime 1744352876.10906
File C:\Users\thiennd\AppData\Local\Programs\Python\Python313\Lib\site-packages\django\contrib\admin\templatetags\admin_list.py first seen with mtime 1744352876.033849
File C:\Users\thiennd\AppData\Local\Programs\Python\Python313\Lib\asyncio\trsock.py first seen with mtime 1744101928.0
File C:\Users\thiennd\AppData\Local\Programs\Python\Python313\Lib\wsgiref\simple_server.py first seen with mtime 1744101928.0
File C:\Users\thiennd\AppData\Local\Programs\Python\Python313\DLLs\_asyncio.pyd first seen with mtime 1744101980.0
File C:\Users\thiennd\AppData\Local\Programs\Python\Python313\Lib\site-packages\django\contrib\sessions\backends\__init__.py first seen with mtime 1744352876.6747515
File C:\Users\thiennd\AppData\Local\Programs\Python\Python313\Lib\site-packages\django\urls\converters.py first seen with mtime 1744352876.959792
File C:\Users\thiennd\AppData\Local\Programs\Python\Python313\Lib\asyncio\constants.py first seen with mtime 1744101928.0
File C:\Users\thiennd\AppData\Local\Programs\Python\Python313\Lib\site-packages\django\forms\forms.py first seen with mtime 1744352876.9176922
File C:\Users\thiennd\AppData\Local\Programs\Python\Python313\Lib\site-packages\django\contrib\sessions\models.py first seen with mtime 1744352876.6747515
File C:\Users\thiennd\AppData\Local\Programs\Python\Python313\Lib\site-packages\django\core\handlers\asgi.py first seen with mtime 1744352876.8609245
File C:\Users\thiennd\AppData\Local\Programs\Python\Python313\Lib\site-packages\django\shortcuts.py first seen with mtime 1744352875.6810403
File C:\Users\thiennd\AppData\Local\Programs\Python\Python313\Lib\site-packages\django\urls\__init__.py first seen with mtime 1744352876.959792
File C:\Users\thiennd\AppData\Local\Programs\Python\Python313\Lib\site-packages\sqlparse\engine\statement_splitter.py first seen with mtime 1744352874.9321887
File C:\Users\thiennd\AppData\Local\Programs\Python\Python313\Lib\enum.py first seen with mtime 1744101928.0
File C:\Users\thiennd\AppData\Local\Programs\Python\Python313\Lib\email\mime\message.py first seen with mtime 1744101928.0
File C:\Users\thiennd\AppData\Local\Programs\Python\Python313\Lib\site-packages\django\contrib\messages\constants.py first seen with mtime 1744352876.5448406
File C:\Users\thiennd\AppData\Local\Programs\Python\Python313\Lib\site-packages\django\db\migrations\operations\special.py first seen with mtime 1744352876.8998206
File C:\Users\thiennd\AppData\Local\Programs\Python\Python313\Lib\asyncio\taskgroups.py first seen with mtime 1744101928.0
File C:\Users\thiennd\AppData\Local\Programs\Python\Python313\Lib\site-packages\django\template\engine.py first seen with mtime 1744352876.9497914
File C:\Users\thiennd\AppData\Local\Programs\Python\Python313\Lib\site-packages\django\core\checks\commands.py first seen with mtime 1744352876.8530712
File C:\Users\thiennd\AppData\Local\Programs\Python\Python313\Lib\site-packages\django\contrib\auth\forms.py first seen with mtime 1744352876.11106
File C:\Users\thiennd\AppData\Local\Programs\Python\Python313\Lib\site-packages\django\apps\__init__.py first seen with mtime 1744352875.6820397
File C:\Users\thiennd\AppData\Local\Programs\Python\Python313\DLLs\_overlapped.pyd first seen with mtime 1744101980.0
File C:\Users\thiennd\AppData\Local\Programs\Python\Python313\Lib\site-packages\MySQLdb\__init__.py first seen with mtime 1744359269.6760314
File C:\Users\thiennd\AppData\Local\Programs\Python\Python313\Lib\site-packages\django\core\checks\messages.py first seen with mtime 1744352876.8540716
File C:\Users\thiennd\AppData\Local\Programs\Python\Python313\Lib\site-packages\django\db\backends\utils.py first seen with mtime 1744352876.8789294
File C:\Users\thiennd\AppData\Local\Programs\Python\Python313\Lib\site-packages\django\core\files\storage\__init__.py first seen with mtime 1744352876.8589244
File C:\Users\thiennd\AppData\Local\Programs\Python\Python313\Lib\site-packages\django\template\library.py first seen with mtime 1744352876.9497914
File C:\Users\thiennd\AppData\Local\Programs\Python\Python313\Lib\asyncio\windows_utils.py first seen with mtime 1744101928.0
File C:\Users\thiennd\Downloads\Puddle\puddle\puddle\settings.py first seen with mtime 1744625142.7234454
File C:\Users\thiennd\AppData\Local\Programs\Python\Python313\Lib\site-packages\django\contrib\staticfiles\management\commands\__init__.py first seen with mtime 1744352876.844527
File C:\Users\thiennd\AppData\Local\Programs\Python\Python313\Lib\pathlib\_abc.py first seen with mtime 1744101928.0
File C:\Users\thiennd\AppData\Local\Programs\Python\Python313\Lib\site-packages\django\db\models\functions\math.py first seen with mtime 1744352876.9116917
File C:\Users\thiennd\AppData\Local\Programs\Python\Python313\Lib\site-packages\django\conf\locale\__init__.py first seen with mtime 1744352875.6921723
File C:\Users\thiennd\AppData\Local\Programs\Python\Python313\Lib\encodings\utf_8.py first seen with mtime 1744101928.0
File C:\Users\thiennd\AppData\Local\Programs\Python\Python313\Lib\site-packages\django\db\models\sql\where.py first seen with mtime 1744352876.915692
File C:\Users\thiennd\AppData\Local\Programs\Python\Python313\Lib\site-packages\django\http\cookie.py first seen with mtime 1744352876.9441571
File C:\Users\thiennd\AppData\Local\Programs\Python\Python313\Lib\site-packages\django\core\files\utils.py first seen with mtime 1744352876.8589244
File C:\Users\thiennd\AppData\Local\Programs\Python\Python313\Lib\asyncio\protocols.py first seen with mtime 1744101928.0
File C:\Users\thiennd\AppData\Local\Programs\Python\Python313\Lib\email\mime\__init__.py first seen with mtime 1744101928.0
File C:\Users\thiennd\AppData\Local\Programs\Python\Python313\Lib\asyncio\base_subprocess.py first seen with mtime 1744101928.0
File C:\Users\thiennd\AppData\Local\Programs\Python\Python313\Lib\site-packages\django\db\backends\base\introspection.py first seen with mtime 1744352876.8799279
File C:\Users\thiennd\Downloads\Puddle\puddle\item\models.py first seen with mtime 1744620968.3869038
File C:\Users\thiennd\AppData\Local\Programs\Python\Python313\Lib\site-packages\django\db\backends\mysql\base.py first seen with mtime 1744352876.882928
File C:\Users\thiennd\AppData\Local\Programs\Python\Python313\Lib\site-packages\django\contrib\admin\templatetags\admin_modify.py first seen with mtime 1744352876.033849
File C:\Users\thiennd\AppData\Local\Programs\Python\Python313\Lib\site-packages\django\core\management\color.py first seen with mtime 1744352876.8659232
File C:\Users\thiennd\AppData\Local\Programs\Python\Python313\Lib\site-packages\django\contrib\sessions\exceptions.py first seen with mtime 1744352876.6737516
File C:\Users\thiennd\AppData\Local\Programs\Python\Python313\Lib\site-packages\django\db\models\options.py first seen with mtime 1744352876.904821
File C:\Users\thiennd\AppData\Local\Programs\Python\Python313\Lib\fnmatch.py first seen with mtime 1744101928.0
File C:\Users\thiennd\AppData\Local\Programs\Python\Python313\Lib\http\__init__.py first seen with mtime 1744101928.0
File C:\Users\thiennd\AppData\Local\Programs\Python\Python313\Lib\site-packages\sqlparse\keywords.py first seen with mtime 1744352874.930189
File C:\Users\thiennd\AppData\Local\Programs\Python\Python313\Lib\site-packages\django\contrib\auth\hashers.py first seen with mtime 1744352876.1120598
File C:\Users\thiennd\AppData\Local\Programs\Python\Python313\Lib\site-packages\django\utils\__init__.py first seen with mtime 1744352876.9617918
File C:\Users\thiennd\AppData\Local\Programs\Python\Python313\Lib\email\_policybase.py first seen with mtime 1744101928.0
File C:\Users\thiennd\AppData\Local\Programs\Python\Python313\Lib\site-packages\django\contrib\admin\widgets.py first seen with mtime 1744352875.8297982
File C:\Users\thiennd\AppData\Local\Programs\Python\Python313\Lib\site-packages\django\utils\safestring.py first seen with mtime 1744352876.969692
File C:\Users\thiennd\AppData\Local\Programs\Python\Python313\Lib\site-packages\django\views\generic\detail.py first seen with mtime 1744352876.9816422
File C:\Users\thiennd\AppData\Local\Programs\Python\Python313\Lib\site-packages\django\core\servers\__init__.py first seen with mtime 1744352876.8769248
File C:\Users\thiennd\AppData\Local\Programs\Python\Python313\Lib\site-packages\sqlparse\filters\aligned_indent.py first seen with mtime 1744352874.933189
File C:\Users\thiennd\AppData\Local\Programs\Python\Python313\Lib\site-packages\django\db\models\sql\subqueries.py first seen with mtime 1744352876.9146924
File C:\Users\thiennd\AppData\Local\Programs\Python\Python313\Lib\site-packages\django\db\migrations\operations\fields.py first seen with mtime 1744352876.8998206
File C:\Users\thiennd\Downloads\Puddle\puddle\core\admin.py first seen with mtime 1744616783.4767551
File C:\Users\thiennd\AppData\Local\Programs\Python\Python313\Lib\site-packages\django\contrib\admin\actions.py first seen with mtime 1744352875.8257978
File C:\Users\thiennd\AppData\Local\Programs\Python\Python313\Lib\site-packages\django\utils\_os.py first seen with mtime 1744352876.9617918
File C:\Users\thiennd\AppData\Local\Programs\Python\Python313\DLLs\select.pyd first seen with mtime 1744101980.0
File C:\Users\thiennd\AppData\Local\Programs\Python\Python313\Lib\site-packages\django\db\migrations\__init__.py first seen with mtime 1744352876.89482
File C:\Users\thiennd\AppData\Local\Programs\Python\Python313\Lib\site-packages\django\db\migrations\operations\models.py first seen with mtime 1744352876.8998206
File C:\Users\thiennd\AppData\Local\Programs\Python\Python313\Lib\site-packages\django\db\models\enums.py first seen with mtime 1744352876.9028208
File C:\Users\thiennd\AppData\Local\Programs\Python\Python313\DLLs\_ssl.pyd first seen with mtime 1744101980.0
File C:\Users\thiennd\AppData\Local\Programs\Python\Python313\Lib\site-packages\django\template\base.py first seen with mtime 1744352876.9477906
File C:\Users\thiennd\AppData\Local\Programs\Python\Python313\Lib\site-packages\django\views\csrf.py first seen with mtime 1744352876.9767032
File C:\Users\thiennd\AppData\Local\Programs\Python\Python313\Lib\site-packages\django\core\files\uploadedfile.py first seen with mtime 1744352876.8579283
File C:\Users\thiennd\AppData\Local\Programs\Python\Python313\Lib\site-packages\django\dispatch\__init__.py first seen with mtime 1744352876.915692
File C:\Users\thiennd\AppData\Local\Programs\Python\Python313\Lib\site-packages\django\db\models\functions\mixins.py first seen with mtime 1744352876.9116917
File C:\Users\thiennd\AppData\Local\Programs\Python\Python313\Lib\site-packages\django\views\generic\dates.py first seen with mtime 1744352876.9816422
File C:\Users\thiennd\AppData\Local\Programs\Python\Python313\Lib\site-packages\django\utils\translation\reloader.py first seen with mtime 1744352876.9726923
File C:\Users\thiennd\AppData\Local\Programs\Python\Python313\Lib\site-packages\django\contrib\admin\templatetags\admin_urls.py first seen with mtime 1744352876.0348492
File C:\Users\thiennd\AppData\Local\Programs\Python\Python313\Lib\site-packages\django\views\decorators\debug.py first seen with mtime 1744352876.979642
File C:\Users\thiennd\AppData\Local\Programs\Python\Python313\Lib\site-packages\django\utils\encoding.py first seen with mtime 1744352876.965792
File C:\Users\thiennd\AppData\Local\Programs\Python\Python313\Lib\urllib\error.py first seen with mtime 1744101928.0
File C:\Users\thiennd\AppData\Local\Programs\Python\Python313\Lib\site-packages\django\db\models\constraints.py first seen with mtime 1744352876.9018207
File C:\Users\thiennd\AppData\Local\Programs\Python\Python313\Lib\site-packages\django\db\models\functions\comparison.py first seen with mtime 1744352876.9106922
File C:\Users\thiennd\AppData\Local\Programs\Python\Python313\Lib\site-packages\django\template\defaulttags.py first seen with mtime 1744352876.9497914
File C:\Users\thiennd\AppData\Local\Programs\Python\Python313\Lib\site-packages\django\core\checks\security\csrf.py first seen with mtime 1744352876.8560712
File C:\Users\thiennd\AppData\Local\Programs\Python\Python313\Lib\site-packages\django\db\backends\base\schema.py first seen with mtime 1744352876.8809285
File C:\Users\thiennd\AppData\Local\Programs\Python\Python313\Lib\json\decoder.py first seen with mtime 1744101928.0
File C:\Users\thiennd\AppData\Local\Programs\Python\Python313\Lib\dataclasses.py first seen with mtime 1744101928.0
File C:\Users\thiennd\AppData\Local\Programs\Python\Python313\Lib\site-packages\django\core\signing.py first seen with mtime 1744352876.848073
File C:\Users\thiennd\AppData\Local\Programs\Python\Python313\Lib\threading.py first seen with mtime 1744101928.0
File C:\Users\thiennd\AppData\Local\Programs\Python\Python313\Lib\wsgiref\util.py first seen with mtime 1744101928.0
File C:\Users\thiennd\AppData\Local\Programs\Python\Python313\Lib\site-packages\django\core\checks\security\base.py first seen with mtime 1744352876.8560712
File C:\Users\thiennd\AppData\Local\Programs\Python\Python313\Lib\site-packages\django\db\migrations\autodetector.py first seen with mtime 1744352876.895821
File C:\Users\thiennd\AppData\Local\Programs\Python\Python313\Lib\asyncio\proactor_events.py first seen with mtime 1744101928.0
File C:\Users\thiennd\AppData\Local\Programs\Python\Python313\Lib\site-packages\django\views\decorators\__init__.py first seen with mtime 1744352876.9786434
File C:\Users\thiennd\AppData\Local\Programs\Python\Python313\Lib\functools.py first seen with mtime 1744101928.0
File C:\Users\thiennd\AppData\Local\Programs\Python\Python313\Lib\site-packages\django\template\loaders\cached.py first seen with mtime 1744352876.9537911
File C:\Users\thiennd\AppData\Local\Programs\Python\Python313\Lib\site-packages\django\core\management\commands\__init__.py first seen with mtime 1744352876.866923
File C:\Users\thiennd\AppData\Local\Programs\Python\Python313\Lib\email\policy.py first seen with mtime 1744101928.0
File C:\Users\thiennd\AppData\Local\Programs\Python\Python313\Lib\site-packages\django\core\files\images.py first seen with mtime 1744352876.8570764
File C:\Users\thiennd\AppData\Local\Programs\Python\Python313\Lib\html\parser.py first seen with mtime 1744101928.0
File C:\Users\thiennd\AppData\Local\Programs\Python\Python313\Lib\concurrent\futures\__init__.py first seen with mtime 1744101928.0
File C:\Users\thiennd\AppData\Local\Programs\Python\Python313\Lib\wsgiref\__init__.py first seen with mtime 1744101928.0
File C:\Users\thiennd\AppData\Local\Programs\Python\Python313\Lib\socket.py first seen with mtime 1744101928.0
File C:\Users\thiennd\AppData\Local\Programs\Python\Python313\Lib\site-packages\sqlparse\engine\__init__.py first seen with mtime 1744352874.9321887
File C:\Users\thiennd\AppData\Local\Programs\Python\Python313\Lib\site-packages\django\core\handlers\base.py first seen with mtime 1744352876.8609245
File C:\Users\thiennd\AppData\Local\Programs\Python\Python313\Lib\site-packages\sqlparse\filters\__init__.py first seen with mtime 1744352874.933189
File C:\Users\thiennd\AppData\Local\Programs\Python\Python313\Lib\numbers.py first seen with mtime 1744101928.0
File C:\Users\thiennd\AppData\Local\Programs\Python\Python313\Lib\site-packages\django\db\migrations\migration.py first seen with mtime 1744352876.8968208
File C:\Users\thiennd\AppData\Local\Programs\Python\Python313\Lib\site-packages\django\contrib\auth\views.py first seen with mtime 1744352876.1140597
File C:\Users\thiennd\AppData\Local\Programs\Python\Python313\Lib\sysconfig\__init__.py first seen with mtime 1744101928.0
File C:\Users\thiennd\AppData\Local\Programs\Python\Python313\Lib\asyncio\format_helpers.py first seen with mtime 1744101928.0
File C:\Users\thiennd\AppData\Local\Programs\Python\Python313\Lib\asyncio\events.py first seen with mtime 1744101928.0
File C:\Users\thiennd\AppData\Local\Programs\Python\Python313\Lib\site-packages\django\contrib\admin\models.py first seen with mtime 1744352875.827798
File C:\Users\thiennd\AppData\Local\Programs\Python\Python313\Lib\copyreg.py first seen with mtime 1744101928.0
File C:\Users\thiennd\AppData\Local\Programs\Python\Python313\Lib\site-packages\django\db\migrations\state.py first seen with mtime 1744352876.8988206
File C:\Users\thiennd\AppData\Local\Programs\Python\Python313\Lib\site-packages\django\contrib\admin\exceptions.py first seen with mtime 1744352875.826798
File C:\Users\thiennd\AppData\Local\Programs\Python\Python313\Lib\site-packages\django\db\models\expressions.py first seen with mtime 1744352876.9028208
File C:\Users\thiennd\AppData\Local\Programs\Python\Python313\Lib\email\feedparser.py first seen with mtime 1744101928.0
File C:\Users\thiennd\AppData\Local\Programs\Python\Python313\Lib\site-packages\django\templatetags\i18n.py first seen with mtime 1744352876.9547918
File C:\Users\thiennd\AppData\Local\Programs\Python\Python313\Lib\ast.py first seen with mtime 1744101928.0
File C:\Users\thiennd\AppData\Local\Programs\Python\Python313\Lib\site-packages\django\core\checks\model_checks.py first seen with mtime 1744352876.8540716
File C:\Users\thiennd\AppData\Local\Programs\Python\Python313\Lib\site-packages\django\core\paginator.py first seen with mtime 1744352876.848073
File C:\Users\thiennd\AppData\Local\Programs\Python\Python313\Lib\site-packages\django\db\migrations\operations\__init__.py first seen with mtime 1744352876.8988206
File C:\Users\thiennd\AppData\Local\Programs\Python\Python313\Lib\site-packages\django\db\backends\base\__init__.py first seen with mtime 1744352876.8789294
File C:\Users\thiennd\AppData\Local\Programs\Python\Python313\Lib\site-packages\django\contrib\admin\templatetags\base.py first seen with mtime 1744352876.0348492
File C:\Users\thiennd\AppData\Local\Programs\Python\Python313\Lib\site-packages\django\core\checks\compatibility\__init__.py first seen with mtime 1744352876.855071
File C:\Users\thiennd\AppData\Local\Programs\Python\Python313\Lib\site-packages\django\db\models\functions\__init__.py first seen with mtime 1744352876.9096937
File C:\Users\thiennd\AppData\Local\Programs\Python\Python313\Lib\queue.py first seen with mtime 1744101928.0
File C:\Users\thiennd\AppData\Local\Programs\Python\Python313\Lib\hashlib.py first seen with mtime 1744101928.0
File C:\Users\thiennd\AppData\Local\Programs\Python\Python313\Lib\site-packages\django\utils\datastructures.py first seen with mtime 1744352876.963792
File C:\Users\thiennd\AppData\Local\Programs\Python\Python313\Lib\site-packages\django\contrib\contenttypes\views.py first seen with mtime 1744352876.2192035
File C:\Users\thiennd\AppData\Local\Programs\Python\Python313\Lib\site-packages\django\contrib\auth\middleware.py first seen with mtime 1744352876.1120598
File C:\Users\thiennd\AppData\Local\Programs\Python\Python313\Lib\site-packages\sqlparse\__init__.py first seen with mtime 1744352874.929189
File C:\Users\thiennd\AppData\Local\Programs\Python\Python313\DLLs\_socket.pyd first seen with mtime 1744101980.0
File C:\Users\thiennd\AppData\Local\Programs\Python\Python313\Lib\site-packages\django\db\migrations\exceptions.py first seen with mtime 1744352876.895821
File C:\Users\thiennd\AppData\Local\Programs\Python\Python313\Lib\string.py first seen with mtime 1744101928.0
File C:\Users\thiennd\AppData\Local\Programs\Python\Python313\Lib\site-packages\django\core\files\storage\filesystem.py first seen with mtime 1744352876.8589244
File C:\Users\thiennd\AppData\Local\Programs\Python\Python313\Lib\site-packages\django\core\wsgi.py first seen with mtime 1744352876.8490715
File C:\Users\thiennd\AppData\Local\Programs\Python\Python313\Lib\site-packages\asgiref\__init__.py first seen with mtime 1744352875.404222
File C:\Users\thiennd\AppData\Local\Programs\Python\Python313\Lib\site-packages\django\db\models\functions\datetime.py first seen with mtime 1744352876.9106922
File C:\Users\thiennd\Downloads\Puddle\puddle\item\apps.py first seen with mtime 1744620900.8420398
File C:\Users\thiennd\AppData\Local\Programs\Python\Python313\Lib\site-packages\django\views\generic\base.py first seen with mtime 1744352876.9806411
File C:\Users\thiennd\AppData\Local\Programs\Python\Python313\Lib\site-packages\django\middleware\clickjacking.py first seen with mtime 1744352876.9451573
File C:\Users\thiennd\AppData\Local\Programs\Python\Python313\Lib\pickle.py first seen with mtime 1744101928.0
File C:\Users\thiennd\AppData\Local\Programs\Python\Python313\Lib\copy.py first seen with mtime 1744101928.0
File C:\Users\thiennd\AppData\Local\Programs\Python\Python313\Lib\site-packages\django\contrib\contenttypes\models.py first seen with mtime 1744352876.2192035
File C:\Users\thiennd\AppData\Local\Programs\Python\Python313\Lib\asyncio\coroutines.py first seen with mtime 1744101928.0
File C:\Users\thiennd\AppData\Local\Programs\Python\Python313\Lib\json\scanner.py first seen with mtime 1744101928.0
File C:\Users\thiennd\AppData\Local\Programs\Python\Python313\Lib\site-packages\django\templatetags\l10n.py first seen with mtime 1744352876.9557917
File C:\Users\thiennd\AppData\Local\Programs\Python\Python313\Lib\site-packages\django\db\models\fields\related_descriptors.py first seen with mtime 1744352876.9086938
File C:\Users\thiennd\AppData\Local\Programs\Python\Python313\Lib\selectors.py first seen with mtime 1744101928.0
File C:\Users\thiennd\AppData\Local\Programs\Python\Python313\Lib\site-packages\django\db\backends\mysql\introspection.py first seen with mtime 1744352876.8839278
File C:\Users\thiennd\AppData\Local\Programs\Python\Python313\Lib\site-packages\django\utils\hashable.py first seen with mtime 1744352876.9667916
File C:\Users\thiennd\AppData\Local\Programs\Python\Python313\Lib\re\_compiler.py first seen with mtime 1744101928.0
File C:\Users\thiennd\AppData\Local\Programs\Python\Python313\Lib\site-packages\django\db\models\functions\window.py first seen with mtime 1744352876.9126916
File C:\Users\thiennd\AppData\Local\Programs\Python\Python313\Lib\bisect.py first seen with mtime 1744101928.0
File C:\Users\thiennd\AppData\Local\Programs\Python\Python313\Lib\site-packages\django\core\mail\__init__.py first seen with mtime 1744352876.8619244
File C:\Users\thiennd\AppData\Local\Programs\Python\Python313\Lib\site-packages\django\utils\deconstruct.py first seen with mtime 1744352876.964792
File C:\Users\thiennd\AppData\Local\Programs\Python\Python313\Lib\site-packages\django\core\management\__init__.py first seen with mtime 1744352876.8649235
File C:\Users\thiennd\AppData\Local\Programs\Python\Python313\Lib\site-packages\django\utils\termcolors.py first seen with mtime 1744352876.9706922
File C:\Users\thiennd\AppData\Local\Programs\Python\Python313\Lib\site-packages\django\views\__init__.py first seen with mtime 1744352876.9756935
File C:\Users\thiennd\AppData\Local\Programs\Python\Python313\Lib\html\entities.py first seen with mtime 1744101928.0
File C:\Users\thiennd\AppData\Local\Programs\Python\Python313\Lib\site-packages\django\contrib\messages\utils.py first seen with mtime 1744352876.5458407
File C:\Users\thiennd\AppData\Local\Programs\Python\Python313\Lib\site-packages\django\contrib\messages\storage\__init__.py first seen with mtime 1744352876.546841
File C:\Users\thiennd\AppData\Local\Programs\Python\Python313\Lib\pathlib\__init__.py first seen with mtime 1744101928.0
File C:\Users\thiennd\AppData\Local\Programs\Python\Python313\Lib\site-packages\django\core\validators.py first seen with mtime 1744352876.848073
File C:\Users\thiennd\AppData\Local\Programs\Python\Python313\Lib\site-packages\django\views\decorators\common.py first seen with mtime 1744352876.979642
File C:\Users\thiennd\AppData\Local\Programs\Python\Python313\Lib\site-packages\django\contrib\auth\base_user.py first seen with mtime 1744352876.11006
File C:\Users\thiennd\AppData\Local\Programs\Python\Python313\Lib\site-packages\django\urls\utils.py first seen with mtime 1744352876.9617918
File C:\Users\thiennd\AppData\Local\Programs\Python\Python313\Lib\encodings\__init__.py first seen with mtime 1744101928.0
File C:\Users\thiennd\AppData\Local\Programs\Python\Python313\Lib\asyncio\subprocess.py first seen with mtime 1744101928.0
File C:\Users\thiennd\AppData\Local\Programs\Python\Python313\Lib\site-packages\django\contrib\messages\api.py first seen with mtime 1744352876.5438406
File C:\Users\thiennd\AppData\Local\Programs\Python\Python313\Lib\site-packages\django\templatetags\static.py first seen with mtime 1744352876.9557917
File C:\Users\thiennd\AppData\Local\Programs\Python\Python313\Lib\site-packages\django\utils\crypto.py first seen with mtime 1744352876.963792
File C:\Users\thiennd\AppData\Local\Programs\Python\Python313\Lib\dis.py first seen with mtime 1744101928.0
File C:\Users\thiennd\AppData\Local\Programs\Python\Python313\Lib\json\encoder.py first seen with mtime 1744101928.0
File C:\Users\thiennd\AppData\Local\Programs\Python\Python313\Lib\site-packages\django\db\backends\base\operations.py first seen with mtime 1744352876.8809285
File C:\Users\thiennd\AppData\Local\Programs\Python\Python313\Lib\graphlib.py first seen with mtime 1744101928.0
File C:\Users\thiennd\AppData\Local\Programs\Python\Python313\Lib\asyncio\base_events.py first seen with mtime 1744101928.0
File C:\Users\thiennd\AppData\Local\Programs\Python\Python313\Lib\site-packages\django\db\backends\__init__.py first seen with mtime 1744352876.877939
File C:\Users\thiennd\AppData\Local\Programs\Python\Python313\Lib\site-packages\django\core\cache\backends\__init__.py first seen with mtime 1744352876.8500712
File C:\Users\thiennd\AppData\Local\Programs\Python\Python313\Lib\getpass.py first seen with mtime 1744101928.0
File C:\Users\thiennd\AppData\Local\Programs\Python\Python313\Lib\site-packages\django\core\checks\security\sessions.py first seen with mtime 1744352876.8560712
File C:\Users\thiennd\AppData\Local\Programs\Python\Python313\Lib\site-packages\django\template\smartif.py first seen with mtime 1744352876.9507914
File C:\Users\thiennd\AppData\Local\Programs\Python\Python313\Lib\site-packages\MySQLdb\release.py first seen with mtime 1744359269.6810315
File C:\Users\thiennd\AppData\Local\Programs\Python\Python313\Lib\email\encoders.py first seen with mtime 1744101928.0
File C:\Users\thiennd\AppData\Local\Programs\Python\Python313\Lib\site-packages\django\views\decorators\cache.py first seen with mtime 1744352876.9786434
File C:\Users\thiennd\AppData\Local\Programs\Python\Python313\Lib\site-packages\django\db\migrations\optimizer.py first seen with mtime 1744352876.8968208
File C:\Users\thiennd\AppData\Local\Programs\Python\Python313\Lib\site-packages\django\core\serializers\base.py first seen with mtime 1744352876.8749259
File C:\Users\thiennd\AppData\Local\Programs\Python\Python313\Lib\site-packages\django\forms\fields.py first seen with mtime 1744352876.9176922
File C:\Users\thiennd\Downloads\Puddle\puddle\item\admin.py first seen with mtime 1744620900.8410394
File C:\Users\thiennd\AppData\Local\Programs\Python\Python313\Lib\re\__init__.py first seen with mtime 1744101928.0
File C:\Users\thiennd\AppData\Local\Programs\Python\Python313\Lib\asyncio\futures.py first seen with mtime 1744101928.0
File C:\Users\thiennd\AppData\Local\Programs\Python\Python313\Lib\site-packages\django\core\cache\backends\base.py first seen with mtime 1744352876.8500712
File C:\Users\thiennd\AppData\Local\Programs\Python\Python313\Lib\wsgiref\headers.py first seen with mtime 1744101928.0
File C:\Users\thiennd\AppData\Local\Programs\Python\Python313\Lib\site-packages\django\db\models\fields\related_lookups.py first seen with mtime 1744352876.9086938
File C:\Users\thiennd\AppData\Local\Programs\Python\Python313\Lib\site-packages\django\contrib\staticfiles\checks.py first seen with mtime 1744352876.8425279
File C:\Users\thiennd\AppData\Local\Programs\Python\Python313\Lib\pathlib\_local.py first seen with mtime 1744101928.0
File C:\Users\thiennd\AppData\Local\Programs\Python\Python313\Lib\site-packages\django\contrib\contenttypes\__init__.py first seen with mtime 1744352876.2160118
File C:\Users\thiennd\AppData\Local\Programs\Python\Python313\DLLs\_uuid.pyd first seen with mtime 1744101980.0
File C:\Users\thiennd\AppData\Local\Programs\Python\Python313\Lib\site-packages\django\urls\base.py first seen with mtime 1744352876.959792
File C:\Users\thiennd\AppData\Local\Programs\Python\Python313\Lib\site-packages\django\urls\conf.py first seen with mtime 1744352876.959792
File C:\Users\thiennd\AppData\Local\Programs\Python\Python313\Lib\random.py first seen with mtime 1744101928.0
File C:\Users\thiennd\AppData\Local\Programs\Python\Python313\Lib\site-packages\django\core\cache\__init__.py first seen with mtime 1744352876.8490715
File C:\Users\thiennd\AppData\Local\Programs\Python\Python313\Lib\site-packages\django\contrib\auth\validators.py first seen with mtime 1744352876.1140597
File C:\Users\thiennd\AppData\Local\Programs\Python\Python313\Lib\asyncio\base_futures.py first seen with mtime 1744101928.0
File C:\Users\thiennd\AppData\Local\Programs\Python\Python313\Lib\site-packages\django\db\models\base.py first seen with mtime 1744352876.9018207
File C:\Users\thiennd\AppData\Local\Programs\Python\Python313\Lib\site-packages\django\core\cache\utils.py first seen with mtime 1744352876.8490715
File C:\Users\thiennd\AppData\Local\Programs\Python\Python313\Lib\html\__init__.py first seen with mtime 1744101928.0
File C:\Users\thiennd\AppData\Local\Programs\Python\Python313\Lib\site-packages\django\core\management\base.py first seen with mtime 1744352876.8659232
File C:\Users\thiennd\AppData\Local\Programs\Python\Python313\Lib\site-packages\django\db\models\functions\text.py first seen with mtime 1744352876.9116917
File C:\Users\thiennd\AppData\Local\Programs\Python\Python313\Lib\site-packages\sqlparse\filters\output.py first seen with mtime 1744352874.933189
File C:\Users\thiennd\AppData\Local\Programs\Python\Python313\Lib\site-packages\django\contrib\admin\sites.py first seen with mtime 1744352875.8287983
File C:\Users\thiennd\AppData\Local\Programs\Python\Python313\Lib\opcode.py first seen with mtime 1744101928.0
File C:\Users\thiennd\AppData\Local\Programs\Python\Python313\Lib\struct.py first seen with mtime 1744101928.0
File C:\Users\thiennd\AppData\Local\Programs\Python\Python313\Lib\site-packages\django\db\backends\mysql\operations.py first seen with mtime 1744352876.8849275
File C:\Users\thiennd\AppData\Local\Programs\Python\Python313\Lib\site-packages\django\template\response.py first seen with mtime 1744352876.9507914
File C:\Users\thiennd\AppData\Local\Programs\Python\Python313\Lib\site-packages\django\db\migrations\questioner.py first seen with mtime 1744352876.897821
File C:\Users\thiennd\AppData\Local\Programs\Python\Python313\Lib\site-packages\django\template\backends\__init__.py first seen with mtime 1744352876.951791
File C:\Users\thiennd\AppData\Local\Programs\Python\Python313\DLLs\_ctypes.pyd first seen with mtime 1744101980.0
File C:\Users\thiennd\AppData\Local\Programs\Python\Python313\Lib\site-packages\django\contrib\staticfiles\management\commands\runserver.py first seen with mtime 1744352876.8455267
File C:\Users\thiennd\AppData\Local\Programs\Python\Python313\Lib\base64.py first seen with mtime 1744101928.0
File C:\Users\thiennd\AppData\Local\Programs\Python\Python313\Lib\site-packages\django\core\files\storage\base.py first seen with mtime 1744352876.8589244
File C:\Users\thiennd\AppData\Local\Programs\Python\Python313\Lib\site-packages\django\utils\version.py first seen with mtime 1744352876.971692
File C:\Users\thiennd\AppData\Local\Programs\Python\Python313\Lib\email\header.py first seen with mtime 1744101928.0
File C:\Users\thiennd\AppData\Local\Programs\Python\Python313\Lib\ctypes\wintypes.py first seen with mtime 1744101928.0
File C:\Users\thiennd\AppData\Local\Programs\Python\Python313\Lib\secrets.py first seen with mtime 1744101928.0
File C:\Users\thiennd\AppData\Local\Programs\Python\Python313\Lib\site-packages\django\template\loaders\app_directories.py first seen with mtime 1744352876.9537911
File C:\Users\thiennd\AppData\Local\Programs\Python\Python313\Lib\site-packages\django\templatetags\tz.py first seen with mtime 1744352876.9557917
File C:\Users\thiennd\AppData\Local\Programs\Python\Python313\Lib\http\cookies.py first seen with mtime 1744101928.0
File C:\Users\thiennd\AppData\Local\Programs\Python\Python313\Lib\site-packages\sqlparse\lexer.py first seen with mtime 1744352874.931189
File C:\Users\thiennd\AppData\Local\Programs\Python\Python313\Lib\site-packages\django\template\backends\django.py first seen with mtime 1744352876.951791
File C:\Users\thiennd\AppData\Local\Programs\Python\Python313\Lib\site-packages\django\contrib\sessions\base_session.py first seen with mtime 1744352876.6737516
File C:\Users\thiennd\AppData\Local\Programs\Python\Python313\DLLs\_bz2.pyd first seen with mtime 1744101980.0
File C:\Users\thiennd\AppData\Local\Programs\Python\Python313\Lib\site-packages\django\core\handlers\__init__.py first seen with mtime 1744352876.8599246
File C:\Users\thiennd\AppData\Local\Programs\Python\Python313\Lib\site-packages\django\contrib\auth\backends.py first seen with mtime 1744352876.11006
File C:\Users\thiennd\AppData\Local\Programs\Python\Python313\Lib\site-packages\django\core\signals.py first seen with mtime 1744352876.848073
File C:\Users\thiennd\AppData\Local\Programs\Python\Python313\Lib\re\_parser.py first seen with mtime 1744101928.0
File C:\Users\thiennd\AppData\Local\Programs\Python\Python313\Lib\site-packages\django\contrib\staticfiles\views.py first seen with mtime 1744352876.844527
File C:\Users\thiennd\AppData\Local\Programs\Python\Python313\Lib\calendar.py first seen with mtime 1744101928.0
File C:\Users\thiennd\AppData\Local\Programs\Python\Python313\Lib\site-packages\django\utils\formats.py first seen with mtime 1744352876.9667916
File C:\Users\thiennd\AppData\Local\Programs\Python\Python313\Lib\keyword.py first seen with mtime 1744101928.0
File C:\Users\thiennd\AppData\Local\Programs\Python\Python313\Lib\site-packages\django\template\loaders\__init__.py first seen with mtime 1744352876.9527907
File C:\Users\thiennd\AppData\Local\Programs\Python\Python313\Lib\site-packages\django\utils\text.py first seen with mtime 1744352876.9706922
File C:\Users\thiennd\AppData\Local\Programs\Python\Python313\Lib\contextlib.py first seen with mtime 1744101928.0
File C:\Users\thiennd\AppData\Local\Programs\Python\Python313\Lib\email\charset.py first seen with mtime 1744101928.0
File C:\Users\thiennd\AppData\Local\Programs\Python\Python313\Lib\site-packages\django\contrib\sites\shortcuts.py first seen with mtime 1744352876.7771409
File C:\Users\thiennd\AppData\Local\Programs\Python\Python313\Lib\site-packages\django\core\checks\security\__init__.py first seen with mtime 1744352876.855071
File C:\Users\thiennd\AppData\Local\Programs\Python\Python313\Lib\site-packages\django\forms\widgets.py first seen with mtime 1744352876.91916
File C:\Users\thiennd\AppData\Local\Programs\Python\Python313\Lib\site-packages\django\db\backends\mysql\validation.py first seen with mtime 1744352876.8849275
File C:\Users\thiennd\AppData\Local\Programs\Python\Python313\Lib\site-packages\django\forms\formsets.py first seen with mtime 1744352876.9176922
File C:\Users\thiennd\AppData\Local\Programs\Python\Python313\Lib\site-packages\sqlparse\engine\filter_stack.py first seen with mtime 1744352874.9321887
File C:\Users\thiennd\AppData\Local\Programs\Python\Python313\Lib\site-packages\django\utils\functional.py first seen with mtime 1744352876.9667916
File C:\Users\thiennd\AppData\Local\Programs\Python\Python313\Lib\site-packages\django\contrib\contenttypes\checks.py first seen with mtime 1744352876.2182033
File C:\Users\thiennd\AppData\Local\Programs\Python\Python313\Lib\weakref.py first seen with mtime 1744101928.0
File C:\Users\thiennd\AppData\Local\Programs\Python\Python313\Lib\decimal.py first seen with mtime 1744101928.0
File C:\Users\thiennd\AppData\Local\Programs\Python\Python313\Lib\site-packages\django\apps\registry.py first seen with mtime 1744352875.6840396
File C:\Users\thiennd\AppData\Local\Programs\Python\Python313\Lib\email\iterators.py first seen with mtime 1744101928.0
File C:\Users\thiennd\AppData\Local\Programs\Python\Python313\Lib\importlib\__init__.py first seen with mtime 1744101928.0
File C:\Users\thiennd\AppData\Local\Programs\Python\Python313\Lib\email\message.py first seen with mtime 1744101928.0
File C:\Users\thiennd\AppData\Local\Programs\Python\Python313\Lib\token.py first seen with mtime 1744101928.0
File C:\Users\thiennd\AppData\Local\Programs\Python\Python313\Lib\site-packages\sqlparse\filters\tokens.py first seen with mtime 1744352874.934189
File C:\Users\thiennd\AppData\Local\Programs\Python\Python313\Lib\site-packages\sqlparse\tokens.py first seen with mtime 1744352874.931189
File C:\Users\thiennd\AppData\Local\Programs\Python\Python313\Lib\site-packages\django\middleware\security.py first seen with mtime 1744352876.9467945
File C:\Users\thiennd\AppData\Local\Programs\Python\Python313\Lib\site-packages\django\views\generic\__init__.py first seen with mtime 1744352876.9806411
File C:\Users\thiennd\AppData\Local\Programs\Python\Python313\Lib\nturl2path.py first seen with mtime 1744101928.0
File C:\Users\thiennd\AppData\Local\Programs\Python\Python313\Lib\site-packages\django\core\checks\urls.py first seen with mtime 1744352876.855071
File C:\Users\thiennd\AppData\Local\Programs\Python\Python313\Lib\site-packages\django\contrib\auth\password_validation.py first seen with mtime 1744352876.11306
File C:\Users\thiennd\AppData\Local\Programs\Python\Python313\Lib\asyncio\mixins.py first seen with mtime 1744101928.0
File C:\Users\thiennd\AppData\Local\Programs\Python\Python313\Lib\asyncio\base_tasks.py first seen with mtime 1744101928.0
File C:\Users\thiennd\AppData\Local\Programs\Python\Python313\Lib\site-packages\django\db\models\lookups.py first seen with mtime 1744352876.903821
File C:\Users\thiennd\AppData\Local\Programs\Python\Python313\Lib\site-packages\django\db\models\sql\datastructures.py first seen with mtime 1744352876.9136927
File C:\Users\thiennd\AppData\Local\Programs\Python\Python313\Lib\site-packages\django\utils\duration.py first seen with mtime 1744352876.965792
File C:\Users\thiennd\AppData\Local\Programs\Python\Python313\Lib\site-packages\django\utils\dates.py first seen with mtime 1744352876.964792
File C:\Users\thiennd\AppData\Local\Programs\Python\Python313\Lib\site-packages\sqlparse\filters\right_margin.py first seen with mtime 1744352874.934189
File C:\Users\thiennd\AppData\Local\Programs\Python\Python313\Lib\gettext.py first seen with mtime 1744101928.0
File C:\Users\thiennd\AppData\Local\Programs\Python\Python313\Lib\site-packages\django\contrib\staticfiles\handlers.py first seen with mtime 1744352876.8425279
File C:\Users\thiennd\AppData\Local\Programs\Python\Python313\Lib\_compat_pickle.py first seen with mtime 1744101928.0
File C:\Users\thiennd\AppData\Local\Programs\Python\Python313\Lib\asyncio\runners.py first seen with mtime 1744101928.0
File C:\Users\thiennd\AppData\Local\Programs\Python\Python313\Lib\inspect.py first seen with mtime 1744101928.0
File C:\Users\thiennd\AppData\Local\Programs\Python\Python313\Lib\site-packages\asgiref\local.py first seen with mtime 1744352875.4052217
File C:\Users\thiennd\AppData\Local\Programs\Python\Python313\Lib\site-packages\django\middleware\cache.py first seen with mtime 1744352876.9451573
File C:\Users\thiennd\AppData\Local\Programs\Python\Python313\Lib\urllib\response.py first seen with mtime 1744101928.0
File C:\Users\thiennd\AppData\Local\Programs\Python\Python313\Lib\site-packages\django\utils\translation\__init__.py first seen with mtime 1744352876.9726923
File C:\Users\thiennd\AppData\Local\Programs\Python\Python313\Lib\site-packages\django\core\servers\basehttp.py first seen with mtime 1744352876.8769248
File C:\Users\thiennd\AppData\Local\Programs\Python\Python313\Lib\email\base64mime.py first seen with mtime 1744101928.0
File C:\Users\thiennd\AppData\Local\Programs\Python\Python313\Lib\zoneinfo\_common.py first seen with mtime 1744101928.0
File C:\Users\thiennd\AppData\Local\Programs\Python\Python313\Lib\site-packages\django\contrib\staticfiles\__init__.py first seen with mtime 1744352876.8415267
File C:\Users\thiennd\AppData\Local\Programs\Python\Python313\Lib\site-packages\django\contrib\contenttypes\forms.py first seen with mtime 1744352876.2182033
File C:\Users\thiennd\AppData\Local\Programs\Python\Python313\Lib\site-packages\django\core\checks\files.py first seen with mtime 1744352876.8530712
File C:\Users\thiennd\AppData\Local\Programs\Python\Python313\Lib\site-packages\django\forms\renderers.py first seen with mtime 1744352876.91916
File C:\Users\thiennd\AppData\Local\Programs\Python\Python313\Lib\site-packages\django\core\serializers\__init__.py first seen with mtime 1744352876.8739235
File C:\Users\thiennd\AppData\Local\Programs\Python\Python313\Lib\site-packages\django\db\models\sql\__init__.py first seen with mtime 1744352876.9126916
File C:\Users\thiennd\AppData\Local\Programs\Python\Python313\Lib\locale.py first seen with mtime 1744101928.0
File C:\Users\thiennd\AppData\Local\Programs\Python\Python313\Lib\site-packages\django\contrib\admin\decorators.py first seen with mtime 1744352875.826798
File C:\Users\thiennd\AppData\Local\Programs\Python\Python313\Lib\site-packages\django\contrib\auth\tokens.py first seen with mtime 1744352876.11306
File C:\Users\thiennd\AppData\Local\Programs\Python\Python313\Lib\concurrent\futures\thread.py first seen with mtime 1744101928.0
File C:\Users\thiennd\AppData\Local\Programs\Python\Python313\Lib\signal.py first seen with mtime 1744101928.0
File C:\Users\thiennd\AppData\Local\Programs\Python\Python313\Lib\site-packages\sqlparse\utils.py first seen with mtime 1744352874.931189
File C:\Users\thiennd\AppData\Local\Programs\Python\Python313\DLLs\_hashlib.pyd first seen with mtime 1744101980.0
File C:\Users\thiennd\AppData\Local\Programs\Python\Python313\Lib\site-packages\MySQLdb\constants\FIELD_TYPE.py first seen with mtime 1744359269.6820314
File C:\Users\thiennd\AppData\Local\Programs\Python\Python313\Lib\site-packages\django\contrib\auth\models.py first seen with mtime 1744352876.1120598
File C:\Users\thiennd\AppData\Local\Programs\Python\Python313\Lib\site-packages\django\contrib\messages\storage\base.py first seen with mtime 1744352876.546841
File C:\Users\thiennd\AppData\Local\Programs\Python\Python313\Lib\site-packages\django\utils\autoreload.py first seen with mtime 1744352876.9627917
File C:\Users\thiennd\AppData\Local\Programs\Python\Python313\Lib\site-packages\django\utils\html.py first seen with mtime 1744352876.9677985
File C:\Users\thiennd\AppData\Local\Programs\Python\Python313\Lib\site-packages\django\core\files\temp.py first seen with mtime 1744352876.8579283
File C:\Users\thiennd\AppData\Local\Programs\Python\Python313\Lib\mimetypes.py first seen with mtime 1744101928.0
File C:\Users\thiennd\AppData\Local\Programs\Python\Python313\Lib\site-packages\django\utils\module_loading.py first seen with mtime 1744352876.969692
File C:\Users\thiennd\AppData\Local\Programs\Python\Python313\Lib\asyncio\queues.py first seen with mtime 1744101928.0
File C:\Users\thiennd\AppData\Local\Programs\Python\Python313\Lib\site-packages\django\contrib\staticfiles\management\__init__.py first seen with mtime 1744352876.844527
File C:\Users\thiennd\AppData\Local\Programs\Python\Python313\Lib\site-packages\django\db\backends\ddl_references.py first seen with mtime 1744352876.877939
File C:\Users\thiennd\AppData\Local\Programs\Python\Python313\Lib\site-packages\django\db\models\fields\reverse_related.py first seen with mtime 1744352876.9096937
File C:\Users\thiennd\AppData\Local\Programs\Python\Python313\Lib\site-packages\django\core\cache\backends\filebased.py first seen with mtime 1744352876.8510711
File C:\Users\thiennd\AppData\Local\Programs\Python\Python313\Lib\site-packages\django\views\debug.py first seen with mtime 1744352876.9767032
File C:\Users\thiennd\AppData\Local\Programs\Python\Python313\Lib\site-packages\asgiref\sync.py first seen with mtime 1744352875.4069886
File C:\Users\thiennd\AppData\Local\Programs\Python\Python313\Lib\site-packages\django\db\backends\mysql\features.py first seen with mtime 1744352876.8839278
File C:\Users\thiennd\AppData\Local\Programs\Python\Python313\Lib\asyncio\tasks.py first seen with mtime 1744101928.0
File C:\Users\thiennd\AppData\Local\Programs\Python\Python313\Lib\urllib\parse.py first seen with mtime 1744101928.0
File C:\Users\thiennd\AppData\Local\Programs\Python\Python313\Lib\site-packages\django\contrib\admin\views\main.py first seen with mtime 1744352876.0358489
File C:\Users\thiennd\AppData\Local\Programs\Python\Python313\Lib\ssl.py first seen with mtime 1744101928.0
File C:\Users\thiennd\AppData\Local\Programs\Python\Python313\Lib\site-packages\django\contrib\sites\requests.py first seen with mtime 1744352876.7771409
File C:\Users\thiennd\AppData\Local\Programs\Python\Python313\Lib\socketserver.py first seen with mtime 1744101928.0
File C:\Users\thiennd\AppData\Local\Programs\Python\Python313\Lib\site-packages\django\contrib\admin\apps.py first seen with mtime 1744352875.8257978
File C:\Users\thiennd\AppData\Local\Programs\Python\Python313\DLLs\_zoneinfo.pyd first seen with mtime 1744101980.0
File C:\Users\thiennd\AppData\Local\Programs\Python\Python313\Lib\site-packages\django\conf\urls\__init__.py first seen with mtime 1744352875.8247983
File C:\Users\thiennd\AppData\Local\Programs\Python\Python313\Lib\site-packages\django\views\generic\list.py first seen with mtime 1744352876.9816422
File C:\Users\thiennd\AppData\Local\Programs\Python\Python313\Lib\glob.py first seen with mtime 1744101928.0
File C:\Users\thiennd\AppData\Local\Programs\Python\Python313\Lib\zoneinfo\__init__.py first seen with mtime 1744101928.0
File C:\Users\thiennd\AppData\Local\Programs\Python\Python313\Lib\site-packages\django\urls\resolvers.py first seen with mtime 1744352876.9607916
File C:\Users\thiennd\AppData\Local\Programs\Python\Python313\Lib\site-packages\django\utils\decorators.py first seen with mtime 1744352876.965792
File C:\Users\thiennd\AppData\Local\Programs\Python\Python313\Lib\site-packages\django\core\__init__.py first seen with mtime 1744352876.8471675
File C:\Users\thiennd\AppData\Local\Programs\Python\Python313\Lib\site-packages\django\db\models\fields\__init__.py first seen with mtime 1744352876.9058208
File C:\Users\thiennd\AppData\Local\Programs\Python\Python313\Lib\site-packages\django\dispatch\dispatcher.py first seen with mtime 1744352876.915692
File C:\Users\thiennd\AppData\Local\Programs\Python\Python313\Lib\site-packages\django\contrib\staticfiles\finders.py first seen with mtime 1744352876.8425279
File C:\Users\thiennd\AppData\Local\Programs\Python\Python313\Lib\site-packages\django\db\backends\mysql\creation.py first seen with mtime 1744352876.8839278
File C:\Users\thiennd\AppData\Local\Programs\Python\Python313\Lib\site-packages\django\db\models\deletion.py first seen with mtime 1744352876.9028208
File C:\Users\thiennd\AppData\Local\Programs\Python\Python313\Lib\site-packages\django\utils\dateparse.py first seen with mtime 1744352876.964792
File C:\Users\thiennd\AppData\Local\Programs\Python\Python313\Lib\site-packages\django\utils\lorem_ipsum.py first seen with mtime 1744352876.968693
File C:\Users\thiennd\AppData\Local\Programs\Python\Python313\Lib\importlib\_abc.py first seen with mtime 1744101928.0
File C:\Users\thiennd\AppData\Local\Programs\Python\Python313\Lib\site-packages\django\core\handlers\exception.py first seen with mtime 1744352876.8609245
File C:\Users\thiennd\AppData\Local\Programs\Python\Python313\Lib\site-packages\django\contrib\auth\checks.py first seen with mtime 1744352876.11006
File C:\Users\thiennd\AppData\Local\Programs\Python\Python313\Lib\site-packages\django\db\migrations\utils.py first seen with mtime 1744352876.8988206
File C:\Users\thiennd\AppData\Local\Programs\Python\Python313\Lib\email\generator.py first seen with mtime 1744101928.0
File C:\Users\thiennd\AppData\Local\Programs\Python\Python313\Lib\site-packages\sqlparse\engine\grouping.py first seen with mtime 1744352874.9321887
File C:\Users\thiennd\AppData\Local\Programs\Python\Python313\Lib\types.py first seen with mtime 1744101928.0
File C:\Users\thiennd\AppData\Local\Programs\Python\Python313\Lib\site-packages\django\db\models\fields\tuple_lookups.py first seen with mtime 1744352876.9096937
File C:\Users\thiennd\AppData\Local\Programs\Python\Python313\Lib\site-packages\django\core\checks\database.py first seen with mtime 1744352876.8530712
File C:\Users\thiennd\AppData\Local\Programs\Python\Python313\Lib\site-packages\django\contrib\admin\options.py first seen with mtime 1744352875.8287983
File C:\Users\thiennd\AppData\Local\Programs\Python\Python313\Lib\site-packages\django\http\request.py first seen with mtime 1744352876.9441571
File C:\Users\thiennd\AppData\Local\Programs\Python\Python313\Lib\site-packages\django\contrib\contenttypes\admin.py first seen with mtime 1744352876.2160118
File C:\Users\thiennd\AppData\Local\Programs\Python\Python313\Lib\site-packages\django\utils\dateformat.py first seen with mtime 1744352876.963792
File C:\Users\thiennd\AppData\Local\Programs\Python\Python313\Lib\lzma.py first seen with mtime 1744101928.0
File C:\Users\thiennd\AppData\Local\Programs\Python\Python313\Lib\bz2.py first seen with mtime 1744101928.0
File C:\Users\thiennd\AppData\Local\Programs\Python\Python313\Lib\site-packages\django\core\files\move.py first seen with mtime 1744352876.8579283
File C:\Users\thiennd\AppData\Local\Programs\Python\Python313\Lib\site-packages\django\utils\timezone.py first seen with mtime 1744352876.9706922
File C:\Users\thiennd\AppData\Local\Programs\Python\Python313\Lib\site-packages\django\db\models\constants.py first seen with mtime 1744352876.9018207
File C:\Users\thiennd\AppData\Local\Programs\Python\Python313\Lib\site-packages\django\db\backends\base\client.py first seen with mtime 1744352876.8789294
File C:\Users\thiennd\AppData\Local\Programs\Python\Python313\Lib\site-packages\sqlparse\exceptions.py first seen with mtime 1744352874.930189
File C:\Users\thiennd\AppData\Local\Programs\Python\Python313\Lib\asyncio\threads.py first seen with mtime 1744101928.0
File C:\Users\thiennd\AppData\Local\Programs\Python\Python313\Lib\site-packages\django\db\backends\base\base.py first seen with mtime 1744352876.8789294
File C:\Users\thiennd\AppData\Local\Programs\Python\Python313\Lib\site-packages\django\utils\timesince.py first seen with mtime 1744352876.9706922
File C:\Users\thiennd\AppData\Local\Programs\Python\Python313\Lib\site-packages\sqlparse\cli.py first seen with mtime 1744352874.929189
File C:\Users\thiennd\AppData\Local\Programs\Python\Python313\Lib\site-packages\sqlparse\filters\reindent.py first seen with mtime 1744352874.934189
File C:\Users\thiennd\AppData\Local\Programs\Python\Python313\Lib\site-packages\django\template\backends\base.py first seen with mtime 1744352876.951791
File C:\Users\thiennd\AppData\Local\Programs\Python\Python313\Lib\site-packages\django\contrib\sessions\__init__.py first seen with mtime 1744352876.672751
File C:\Users\thiennd\AppData\Local\Programs\Python\Python313\Lib\site-packages\django\db\models\fields\mixins.py first seen with mtime 1744352876.9078264
File C:\Users\thiennd\AppData\Local\Programs\Python\Python313\Lib\site-packages\django\core\management\commands\makemigrations.py first seen with mtime 1744352876.8699236
File C:\Users\thiennd\AppData\Local\Programs\Python\Python313\Lib\asyncio\locks.py first seen with mtime 1744101928.0
File C:\Users\thiennd\AppData\Local\Programs\Python\Python313\Lib\site-packages\django\views\generic\edit.py first seen with mtime 1744352876.9816422
File C:\Users\thiennd\AppData\Local\Programs\Python\Python313\Lib\site-packages\MySQLdb\constants\__init__.py first seen with mtime 1744359269.683031
File C:\Users\thiennd\AppData\Local\Programs\Python\Python313\Lib\site-packages\django\utils\cache.py first seen with mtime 1744352876.9627917
File C:\Users\thiennd\AppData\Local\Programs\Python\Python313\Lib\site-packages\django\template\defaultfilters.py first seen with mtime 1744352876.9487917
File C:\Users\thiennd\AppData\Local\Programs\Python\Python313\Lib\heapq.py first seen with mtime 1744101928.0
File C:\Users\thiennd\AppData\Local\Programs\Python\Python313\DLLs\_queue.pyd first seen with mtime 1744101980.0
File C:\Users\thiennd\AppData\Local\Programs\Python\Python313\Lib\site-packages\django\template\context.py first seen with mtime 1744352876.9487917
File C:\Users\thiennd\AppData\Local\Programs\Python\Python313\Lib\site-packages\django\contrib\auth\decorators.py first seen with mtime 1744352876.11106
File C:\Users\thiennd\AppData\Local\Programs\Python\Python313\Lib\email\mime\multipart.py first seen with mtime 1744101928.0
File C:\Users\thiennd\AppData\Local\Programs\Python\Python313\Lib\urllib\__init__.py first seen with mtime 1744101928.0
File C:\Users\thiennd\AppData\Local\Programs\Python\Python313\Lib\reprlib.py first seen with mtime 1744101928.0
File C:\Users\thiennd\AppData\Local\Programs\Python\Python313\Lib\site-packages\django\template\__init__.py first seen with mtime 1744352876.9477906
File C:\Users\thiennd\AppData\Local\Programs\Python\Python313\Lib\site-packages\django\conf\global_settings.py first seen with mtime 1744352875.686039
File C:\Users\thiennd\AppData\Local\Programs\Python\Python313\Lib\logging\config.py first seen with mtime 1744101928.0
File C:\Users\thiennd\AppData\Local\Programs\Python\Python313\Lib\asyncio\exceptions.py first seen with mtime 1744101928.0
File C:\Users\thiennd\AppData\Local\Programs\Python\Python313\Lib\__future__.py first seen with mtime 1744101928.0
File C:\Users\thiennd\AppData\Local\Programs\Python\Python313\DLLs\_lzma.pyd first seen with mtime 1744101980.0
File C:\Users\thiennd\AppData\Local\Programs\Python\Python313\Lib\_markupbase.py first seen with mtime 1744101928.0
File C:\Users\thiennd\AppData\Local\Programs\Python\Python313\Lib\site-packages\django\utils\http.py first seen with mtime 1744352876.9677985
File C:\Users\thiennd\AppData\Local\Programs\Python\Python313\Lib\concurrent\futures\_base.py first seen with mtime 1744101928.0
File C:\Users\thiennd\AppData\Local\Programs\Python\Python313\Lib\logging\__init__.py first seen with mtime 1744101928.0
File C:\Users\thiennd\AppData\Local\Programs\Python\Python313\Lib\site-packages\django\template\loaders\filesystem.py first seen with mtime 1744352876.9537911
File C:\Users\thiennd\AppData\Local\Programs\Python\Python313\Lib\site-packages\django\db\models\indexes.py first seen with mtime 1744352876.903821
File C:\Users\thiennd\Downloads\Puddle\puddle\item\__init__.py first seen with mtime 1744620900.8430395
File C:\Users\thiennd\AppData\Local\Programs\Python\Python313\Lib\uuid.py first seen with mtime 1744101928.0
File C:\Users\thiennd\AppData\Local\Programs\Python\Python313\Lib\site-packages\django\contrib\messages\middleware.py first seen with mtime 1744352876.5458407
File C:\Users\thiennd\AppData\Local\Programs\Python\Python313\Lib\email\errors.py first seen with mtime 1744101928.0
File C:\Users\thiennd\AppData\Local\Programs\Python\Python313\Lib\site-packages\django\contrib\contenttypes\apps.py first seen with mtime 1744352876.2172263
File C:\Users\thiennd\AppData\Local\Programs\Python\Python313\Lib\site-packages\django\core\files\locks.py first seen with mtime 1744352876.8570764
File C:\Users\thiennd\AppData\Local\Programs\Python\Python313\Lib\site-packages\django\db\models\fields\json.py first seen with mtime 1744352876.9078264
File C:\Users\thiennd\AppData\Local\Programs\Python\Python313\Lib\re\_casefix.py first seen with mtime 1744101928.0
File C:\Users\thiennd\AppData\Local\Programs\Python\Python313\Lib\site-packages\django\db\migrations\operations\base.py first seen with mtime 1744352876.8998206
File C:\Users\thiennd\AppData\Local\Programs\Python\Python313\Lib\platform.py first seen with mtime 1744101928.0
File C:\Users\thiennd\AppData\Local\Programs\Python\Python313\Lib\site-packages\django\core\files\storage\memory.py first seen with mtime 1744352876.8599246
File C:\Users\thiennd\AppData\Local\Programs\Python\Python313\Lib\site-packages\django\utils\numberformat.py first seen with mtime 1744352876.969692
File C:\Users\thiennd\AppData\Local\Programs\Python\Python313\Lib\zoneinfo\_tzpath.py first seen with mtime 1744101928.0
File C:\Users\thiennd\AppData\Local\Programs\Python\Python313\Lib\site-packages\django\contrib\sessions\middleware.py first seen with mtime 1744352876.6737516
File C:\Users\thiennd\AppData\Local\Programs\Python\Python313\Lib\asyncio\staggered.py first seen with mtime 1744101928.0
File C:\Users\thiennd\AppData\Local\Programs\Python\Python313\Lib\operator.py first seen with mtime 1744101928.0
File C:\Users\thiennd\AppData\Local\Programs\Python\Python313\Lib\site-packages\django\views\i18n.py first seen with mtime 1744352876.9777012
File C:\Users\thiennd\Downloads\Puddle\puddle\puddle\urls.py first seen with mtime 1744618176.225655
File C:\Users\thiennd\AppData\Local\Programs\Python\Python313\Lib\site-packages\MySQLdb\_exceptions.py first seen with mtime 1744359269.6770315
File C:\Users\thiennd\AppData\Local\Programs\Python\Python313\Lib\textwrap.py first seen with mtime 1744101928.0
File C:\Users\thiennd\AppData\Local\Programs\Python\Python313\Lib\asyncio\windows_events.py first seen with mtime 1744101928.0
File C:\Users\thiennd\AppData\Local\Programs\Python\Python313\Lib\site-packages\django\core\mail\message.py first seen with mtime 1744352876.8629239
File C:\Users\thiennd\AppData\Local\Programs\Python\Python313\Lib\http\server.py first seen with mtime 1744101928.0
File C:\Users\thiennd\AppData\Local\Programs\Python\Python313\Lib\site-packages\django\core\management\commands\runserver.py first seen with mtime 1744352876.8709233
File C:\Users\thiennd\Downloads\Puddle\puddle\puddle\__init__.py first seen with mtime 1744616641.7858958
File C:\Users\thiennd\AppData\Local\Programs\Python\Python313\Lib\site-packages\django\forms\boundfield.py first seen with mtime 1744352876.9166923
File C:\Users\thiennd\AppData\Local\Programs\Python\Python313\Lib\site-packages\django\core\checks\translation.py first seen with mtime 1744352876.855071
File C:\Users\thiennd\AppData\Local\Programs\Python\Python313\DLLs\_wmi.pyd first seen with mtime 1744101980.0
File C:\Users\thiennd\AppData\Local\Programs\Python\Python313\Lib\ctypes\_endian.py first seen with mtime 1744101928.0
File C:\Users\thiennd\AppData\Local\Programs\Python\Python313\Lib\email\__init__.py first seen with mtime 1744101928.0
File C:\Users\thiennd\AppData\Local\Programs\Python\Python313\Lib\site-packages\django\contrib\auth\signals.py first seen with mtime 1744352876.11306
File C:\Users\thiennd\Downloads\Puddle\puddle\core\views.py first seen with mtime 1744618137.5076628
File C:\Users\thiennd\AppData\Local\Programs\Python\Python313\Lib\site-packages\django\core\files\uploadhandler.py first seen with mtime 1744352876.8579283
File C:\Users\thiennd\AppData\Local\Programs\Python\Python313\Lib\site-packages\django\http\response.py first seen with mtime 1744352876.9451573
File C:\Users\thiennd\AppData\Local\Programs\Python\Python313\Lib\site-packages\django\template\loaders\base.py first seen with mtime 1744352876.9537911
File C:\Users\thiennd\AppData\Local\Programs\Python\Python313\Lib\site-packages\django\db\models\__init__.py first seen with mtime 1744352876.9008205
File C:\Users\thiennd\AppData\Local\Programs\Python\Python313\Lib\site-packages\django\utils\connection.py first seen with mtime 1744352876.963792
File C:\Users\thiennd\AppData\Local\Programs\Python\Python313\Lib\_opcode_metadata.py first seen with mtime 1744101928.0
File C:\Users\thiennd\AppData\Local\Programs\Python\Python313\Lib\site-packages\django\db\models\functions\json.py first seen with mtime 1744352876.9106922
File C:\Users\thiennd\AppData\Local\Programs\Python\Python313\Lib\site-packages\django\middleware\csrf.py first seen with mtime 1744352876.9461572
File C:\Users\thiennd\AppData\Local\Programs\Python\Python313\Lib\site-packages\django\views\defaults.py first seen with mtime 1744352876.9777012
File C:\Users\thiennd\AppData\Local\Programs\Python\Python313\Lib\re\_constants.py first seen with mtime 1744101928.0
File C:\Users\thiennd\AppData\Local\Programs\Python\Python313\Lib\site-packages\django\db\models\query_utils.py first seen with mtime 1744352876.904821
File C:\Users\thiennd\AppData\Local\Programs\Python\Python313\Lib\site-packages\sqlparse\filters\others.py first seen with mtime 1744352874.933189
File C:\Users\thiennd\AppData\Local\Programs\Python\Python313\Lib\site-packages\asgiref\current_thread_executor.py first seen with mtime 1744352875.4052217
File C:\Users\thiennd\AppData\Local\Programs\Python\Python313\Lib\concurrent\__init__.py first seen with mtime 1744101928.0
File C:\Users\thiennd\AppData\Local\Programs\Python\Python313\Lib\site-packages\django\conf\__init__.py first seen with mtime 1744352875.6850395
File C:\Users\thiennd\AppData\Local\Programs\Python\Python313\Lib\site-packages\django\core\checks\async_checks.py first seen with mtime 1744352876.8520715
File C:\Users\thiennd\AppData\Local\Programs\Python\Python313\Lib\site-packages\django\db\models\fields\files.py first seen with mtime 1744352876.906821
File C:\Users\thiennd\AppData\Local\Programs\Python\Python313\Lib\site-packages\django\templatetags\cache.py first seen with mtime 1744352876.9547918
File C:\Users\thiennd\AppData\Local\Programs\Python\Python313\Lib\site-packages\django\core\mail\utils.py first seen with mtime 1744352876.8629239
File C:\Users\thiennd\AppData\Local\Programs\Python\Python313\Lib\site-packages\django\contrib\sessions\backends\base.py first seen with mtime 1744352876.6747515
File C:\Users\thiennd\AppData\Local\Programs\Python\Python313\Lib\site-packages\django\views\decorators\csrf.py first seen with mtime 1744352876.979642
File C:\Users\thiennd\AppData\Local\Programs\Python\Python313\Lib\site-packages\django\utils\asyncio.py first seen with mtime 1744352876.9617918
File C:\Users\thiennd\AppData\Local\Programs\Python\Python313\Lib\wsgiref\handlers.py first seen with mtime 1744101928.0
File C:\Users\thiennd\AppData\Local\Programs\Python\Python313\Lib\contextvars.py first seen with mtime 1744101928.0
File C:\Users\thiennd\AppData\Local\Programs\Python\Python313\Lib\site-packages\django\contrib\auth\management\__init__.py first seen with mtime 1744352876.2090118
File C:\Users\thiennd\AppData\Local\Programs\Python\Python313\Lib\site-packages\django\db\models\fields\related.py first seen with mtime 1744352876.9086938
File C:\Users\thiennd\AppData\Local\Programs\Python\Python313\Lib\site-packages\django\forms\__init__.py first seen with mtime 1744352876.9166923
File C:\Users\thiennd\AppData\Local\Programs\Python\Python313\Lib\site-packages\django\db\models\fields\composite.py first seen with mtime 1744352876.906821
File C:\Users\thiennd\AppData\Local\Programs\Python\Python313\Lib\datetime.py first seen with mtime 1744101928.0
File C:\Users\thiennd\AppData\Local\Programs\Python\Python313\Lib\site-packages\django\utils\log.py first seen with mtime 1744352876.968693
File C:\Users\thiennd\AppData\Local\Programs\Python\Python313\DLLs\unicodedata.pyd first seen with mtime 1744101980.0
File C:\Users\thiennd\AppData\Local\Programs\Python\Python313\Lib\linecache.py first seen with mtime 1744101928.0
File C:\Users\thiennd\AppData\Local\Programs\Python\Python313\Lib\asyncio\sslproto.py first seen with mtime 1744101928.0
File C:\Users\thiennd\AppData\Local\Programs\Python\Python313\Lib\site-packages\django\template\loader_tags.py first seen with mtime 1744352876.9507914
File C:\Users\thiennd\AppData\Local\Programs\Python\Python313\Lib\site-packages\django\contrib\admin\views\autocomplete.py first seen with mtime 1744352876.0358489
File C:\Users\thiennd\AppData\Local\Programs\Python\Python313\Lib\site-packages\django\db\backends\base\features.py first seen with mtime 1744352876.8799279
File C:\Users\thiennd\Downloads\Puddle\puddle\core\__init__.py first seen with mtime 1744616783.4987538
File C:\Users\thiennd\AppData\Local\Programs\Python\Python313\Lib\site-packages\django\core\files\__init__.py first seen with mtime 1744352876.8560712
File C:\Users\thiennd\AppData\Local\Programs\Python\Python313\Lib\pprint.py first seen with mtime 1744101928.0
File C:\Users\thiennd\AppData\Local\Programs\Python\Python313\Lib\site-packages\django\http\multipartparser.py first seen with mtime 1744352876.9441571
File C:\Users\thiennd\AppData\Local\Programs\Python\Python313\Lib\site-packages\django\core\checks\__init__.py first seen with mtime 1744352876.8520715
File C:\Users\thiennd\AppData\Local\Programs\Python\Python313\Lib\collections\__init__.py first seen with mtime 1744101928.0
File C:\Users\thiennd\AppData\Local\Programs\Python\Python313\Lib\site-packages\django\db\models\fields\proxy.py first seen with mtime 1744352876.9078264
File C:\Users\thiennd\AppData\Local\Programs\Python\Python313\Lib\site-packages\django\contrib\messages\__init__.py first seen with mtime 1744352876.5438406
File C:\Users\thiennd\AppData\Local\Programs\Python\Python313\Lib\site-packages\django\db\models\manager.py first seen with mtime 1744352876.903821
File C:\Users\thiennd\AppData\Local\Programs\Python\Python313\Lib\subprocess.py first seen with mtime 1744101928.0
File C:\Users\thiennd\AppData\Local\Programs\Python\Python313\Lib\ctypes\__init__.py first seen with mtime 1744101928.0
File C:\Users\thiennd\AppData\Local\Programs\Python\Python313\Lib\site-packages\django\utils\choices.py first seen with mtime 1744352876.9627917
File C:\Users\thiennd\AppData\Local\Programs\Python\Python313\Lib\email\mime\nonmultipart.py first seen with mtime 1744101928.0
File C:\Users\thiennd\AppData\Local\Programs\Python\Python313\Lib\pkgutil.py first seen with mtime 1744101928.0
File C:\Users\thiennd\AppData\Local\Programs\Python\Python313\Lib\email\contentmanager.py first seen with mtime 1744101928.0
File C:\Users\thiennd\AppData\Local\Programs\Python\Python313\Lib\site-packages\MySQLdb\_mysql.cp313-win_amd64.pyd first seen with mtime 1744359269.6790311
File C:\Users\thiennd\AppData\Local\Programs\Python\Python313\Lib\site-packages\django\db\utils.py first seen with mtime 1744352876.877939
File C:\Users\thiennd\AppData\Local\Programs\Python\Python313\Lib\site-packages\django\contrib\messages\apps.py first seen with mtime 1744352876.5448406
File C:\Users\thiennd\AppData\Local\Programs\Python\Python313\Lib\site-packages\django\contrib\admin\checks.py first seen with mtime 1744352875.8257978
File C:\Users\thiennd\AppData\Local\Programs\Python\Python313\Lib\site-packages\django\db\backends\mysql\schema.py first seen with mtime 1744352876.8849275
File C:\Users\thiennd\AppData\Local\Programs\Python\Python313\Lib\site-packages\django\db\models\aggregates.py first seen with mtime 1744352876.9008205
File C:\Users\thiennd\AppData\Local\Programs\Python\Python313\Lib\site-packages\django\forms\models.py first seen with mtime 1744352876.9176922
File C:\Users\thiennd\AppData\Local\Programs\Python\Python313\Lib\site-packages\django\template\autoreload.py first seen with mtime 1744352876.9477906
File C:\Users\thiennd\AppData\Local\Programs\Python\Python313\Lib\email\headerregistry.py first seen with mtime 1744101928.0
File C:\Users\thiennd\AppData\Local\Programs\Python\Python313\Lib\_compression.py first seen with mtime 1744101928.0
File C:\Users\thiennd\AppData\Local\Programs\Python\Python313\Lib\site-packages\django\core\serializers\python.py first seen with mtime 1744352876.8759248
File C:\Users\thiennd\AppData\Local\Programs\Python\Python313\DLLs\_decimal.pyd first seen with mtime 1744101980.0
File C:\Users\thiennd\AppData\Local\Programs\Python\Python313\Lib\typing.py first seen with mtime 1744101928.0
File C:\Users\thiennd\Downloads\Puddle\puddle\core\models.py first seen with mtime 1744616783.4877546
File C:\Users\thiennd\AppData\Local\Programs\Python\Python313\Lib\site-packages\django\contrib\staticfiles\utils.py first seen with mtime 1744352876.8435266
File C:\Users\thiennd\AppData\Local\Programs\Python\Python313\Lib\site-packages\django\contrib\admin\templatetags\log.py first seen with mtime 1744352876.0348492
File C:\Users\thiennd\AppData\Local\Programs\Python\Python313\Lib\site-packages\django\core\checks\caches.py first seen with mtime 1744352876.8520715
File C:\Users\thiennd\AppData\Local\Programs\Python\Python313\Lib\site-packages\django\db\models\sql\query.py first seen with mtime 1744352876.9146924
File C:\Users\thiennd\AppData\Local\Programs\Python\Python313\Lib\site-packages\django\db\transaction.py first seen with mtime 1744352876.8769248
File C:\Users\thiennd\AppData\Local\Programs\Python\Python313\Lib\site-packages\django\contrib\sessions\apps.py first seen with mtime 1744352876.672751
File C:\Users\thiennd\AppData\Local\Programs\Python\Python313\Lib\difflib.py first seen with mtime 1744101928.0
File C:\Users\thiennd\AppData\Local\Programs\Python\Python313\Lib\logging\handlers.py first seen with mtime 1744101928.0
File C:\Users\thiennd\AppData\Local\Programs\Python\Python313\Lib\asyncio\streams.py first seen with mtime 1744101928.0
File C:\Users\thiennd\AppData\Local\Programs\Python\Python313\Lib\site-packages\django\utils\deprecation.py first seen with mtime 1744352876.965792
File C:\Users\thiennd\AppData\Local\Programs\Python\Python313\Lib\tempfile.py first seen with mtime 1744101928.0
File C:\Users\thiennd\AppData\Local\Programs\Python\Python313\Lib\site-packages\django\contrib\admin\filters.py first seen with mtime 1744352875.826798
File C:\Users\thiennd\AppData\Local\Programs\Python\Python313\Lib\site-packages\MySQLdb\constants\FLAG.py first seen with mtime 1744359269.6820314
File C:\Users\thiennd\AppData\Local\Programs\Python\Python313\Lib\site-packages\django\contrib\staticfiles\apps.py first seen with mtime 1744352876.8425279
File C:\Users\thiennd\AppData\Local\Programs\Python\Python313\Lib\email\_parseaddr.py first seen with mtime 1744101928.0
File C:\Users\thiennd\AppData\Local\Programs\Python\Python313\Lib\site-packages\django\contrib\admin\utils.py first seen with mtime 1744352875.8297982
File C:\Users\thiennd\Downloads\Puddle\puddle\core\templates\core first seen with mtime 1744618081.5378492
File C:\Users\thiennd\Downloads\Puddle\puddle\core\templates\core\base.html first seen with mtime 1744620863.793002
File C:\Users\thiennd\Downloads\Puddle\puddle\core\templates\core\contact.html first seen with mtime 1744618153.9504316
File C:\Users\thiennd\Downloads\Puddle\puddle\core\templates\core\index.html first seen with mtime 1744617897.4663234
File C:\Users\thiennd\AppData\Local\Programs\Python\Python313\Lib\site-packages\django\core\management\commands\migrate.py first seen with mtime 1744352876.8699236
File C:\Users\thiennd\AppData\Local\Programs\Python\Python313\Lib\site-packages\django\contrib\admin\migrations\0001_initial.py first seen with mtime 1744352875.9758098
File C:\Users\thiennd\AppData\Local\Programs\Python\Python313\Lib\site-packages\django\contrib\admin\migrations\0002_logentry_remove_auto_add.py first seen with mtime 1744352875.9758098
File C:\Users\thiennd\AppData\Local\Programs\Python\Python313\Lib\site-packages\django\core\management\sql.py first seen with mtime 1744352876.8659232
File C:\Users\thiennd\AppData\Local\Programs\Python\Python313\Lib\site-packages\django\db\migrations\serializer.py first seen with mtime 1744352876.897821
File C:\Users\thiennd\AppData\Local\Programs\Python\Python313\Lib\site-packages\MySQLdb\connections.py first seen with mtime 1744359269.6800313
File C:\Users\thiennd\AppData\Local\Programs\Python\Python313\Lib\site-packages\django\contrib\auth\migrations\0005_alter_user_last_login_null.py first seen with mtime 1744352876.2130122
File C:\Users\thiennd\AppData\Local\Programs\Python\Python313\Lib\site-packages\django\contrib\auth\migrations\0002_alter_permission_name_max_length.py first seen with mtime 1744352876.2120123
File C:\Users\thiennd\AppData\Local\Programs\Python\Python313\Lib\site-packages\django\db\migrations\loader.py first seen with mtime 1744352876.8968208
File C:\Users\thiennd\AppData\Local\Programs\Python\Python313\Lib\site-packages\django\contrib\auth\migrations\0003_alter_user_email_max_length.py first seen with mtime 1744352876.2120123
File C:\Users\thiennd\Downloads\Puddle\puddle\core\migrations\__init__.py first seen with mtime 1744616783.4996617
File C:\Users\thiennd\AppData\Local\Programs\Python\Python313\Lib\site-packages\django\contrib\sessions\backends\db.py first seen with mtime 1744352876.6757512
File C:\Users\thiennd\AppData\Local\Programs\Python\Python313\Lib\site-packages\django\contrib\admin\migrations\0003_logentry_add_action_flag_choices.py first seen with mtime 1744352875.9758098
File C:\Users\thiennd\AppData\Local\Programs\Python\Python313\Lib\site-packages\django\contrib\auth\migrations\0012_alter_user_first_name_max_length.py first seen with mtime 1744352876.214012
File C:\Users\thiennd\AppData\Local\Programs\Python\Python313\Lib\stringprep.py first seen with mtime 1744101928.0
File C:\Users\thiennd\AppData\Local\Programs\Python\Python313\Lib\site-packages\django\contrib\contenttypes\migrations\0001_initial.py first seen with mtime 1744352876.283191
File C:\Users\thiennd\AppData\Local\Programs\Python\Python313\Lib\site-packages\django\contrib\auth\migrations\0010_alter_group_name_max_length.py first seen with mtime 1744352876.214012
File C:\Users\thiennd\Downloads\Puddle\puddle\item\migrations\0001_initial.py first seen with mtime 1744622617.4440184
File C:\Users\thiennd\AppData\Local\Programs\Python\Python313\Lib\site-packages\django\contrib\auth\migrations\__init__.py first seen with mtime 1744352876.215012
File C:\Users\thiennd\AppData\Local\Programs\Python\Python313\Lib\site-packages\django\contrib\auth\migrations\0006_require_contenttypes_0002.py first seen with mtime 1744352876.2130122
File C:\Users\thiennd\AppData\Local\Programs\Python\Python313\Lib\site-packages\django\contrib\auth\migrations\0008_alter_user_username_max_length.py first seen with mtime 1744352876.214012
File C:\Users\thiennd\AppData\Local\Programs\Python\Python313\Lib\site-packages\django\contrib\auth\migrations\0009_alter_user_last_name_max_length.py first seen with mtime 1744352876.214012
File C:\Users\thiennd\AppData\Local\Programs\Python\Python313\Lib\site-packages\django\contrib\sessions\migrations\__init__.py first seen with mtime 1744352876.7731352
File C:\Users\thiennd\AppData\Local\Programs\Python\Python313\Lib\site-packages\django\contrib\sessions\migrations\0001_initial.py first seen with mtime 1744352876.7731352
File C:\Users\thiennd\AppData\Local\Programs\Python\Python313\Lib\site-packages\django\contrib\auth\migrations\0007_alter_validators_add_error_messages.py first seen with mtime 1744352876.2130122
File C:\Users\thiennd\AppData\Local\Programs\Python\Python313\Lib\encodings\idna.py first seen with mtime 1744101928.0
File C:\Users\thiennd\AppData\Local\Programs\Python\Python313\Lib\site-packages\django\contrib\auth\migrations\0001_initial.py first seen with mtime 1744352876.2110124
File C:\Users\thiennd\Downloads\Puddle\puddle\item\migrations\__init__.py first seen with mtime 1744620900.8480396
File C:\Users\thiennd\AppData\Local\Programs\Python\Python313\Lib\site-packages\django\db\models\sql\compiler.py first seen with mtime 1744352876.9136927
File C:\Users\thiennd\AppData\Local\Programs\Python\Python313\Lib\site-packages\django\contrib\contenttypes\migrations\0002_remove_content_type_name.py first seen with mtime 1744352876.283191
File C:\Users\thiennd\AppData\Local\Programs\Python\Python313\Lib\site-packages\django\db\migrations\recorder.py first seen with mtime 1744352876.897821
File C:\Users\thiennd\AppData\Local\Programs\Python\Python313\Lib\site-packages\django\contrib\contenttypes\migrations\__init__.py first seen with mtime 1744352876.2841907
File C:\Users\thiennd\AppData\Local\Programs\Python\Python313\Lib\site-packages\MySQLdb\cursors.py first seen with mtime 1744359269.6800313
File C:\Users\thiennd\AppData\Local\Programs\Python\Python313\Lib\site-packages\django\core\cache\backends\locmem.py first seen with mtime 1744352876.8510711
File C:\Users\thiennd\AppData\Local\Programs\Python\Python313\Lib\site-packages\django\contrib\auth\migrations\0011_update_proxy_permissions.py first seen with mtime 1744352876.214012
File C:\Users\thiennd\AppData\Local\Programs\Python\Python313\Lib\site-packages\django\contrib\auth\migrations\0004_alter_user_username_opts.py first seen with mtime 1744352876.2130122
File C:\Users\thiennd\AppData\Local\Programs\Python\Python313\Lib\site-packages\django\db\migrations\writer.py first seen with mtime 1744352876.8988206
File C:\Users\thiennd\AppData\Local\Programs\Python\Python313\Lib\site-packages\django\contrib\admin\migrations\__init__.py first seen with mtime 1744352875.9758098
File C:\Users\thiennd\AppData\Local\Programs\Python\Python313\Lib\site-packages\django\db\migrations\executor.py first seen with mtime 1744352876.895821
File C:\Users\thiennd\AppData\Local\Programs\Python\Python313\Lib\site-packages\django\db\migrations\graph.py first seen with mtime 1744352876.8968208
File C:\Users\thiennd\Downloads\Puddle\puddle\puddle\wsgi.py first seen with mtime 1744616641.7858958
File C:\Users\thiennd\AppData\Local\Programs\Python\Python313\Lib\site-packages\django\db\backends\mysql\compiler.py first seen with mtime 1744352876.882928
File C:\Users\thiennd\Downloads\Puddle\puddle\puddle\settings.py previous mtime: 1744625142.7234454, current mtime: 1744625171.6608937
C:\Users\thiennd\Downloads\Puddle\puddle\puddle\settings.py notified as changed. Signal results: [(<function template_changed at 0x0000029E13ABC9A0>, None), (<function translation_file_changed at 0x0000029E149CF6A0>, None)].
C:\Users\thiennd\Downloads\Puddle\puddle\puddle\settings.py changed, reloading.
